
> EduMint教育支援プラットフォーム@0.1.0 build /mnt/c/Users/TAKUMI/edumint/edumintFrontend_20251222
> npx vite build

vite v7.3.0 building client environment for production...
transforming...
✓ 12024 modules transformed.
rendering chunks...
computing gzip size...
build/index.html                                         0.49 kB │ gzip:   0.34 kB
build/assets/KaTeX_Size3-Regular-CTq5MqoE.woff           4.42 kB
build/assets/KaTeX_Size4-Regular-Dl5lxZxV.woff2          4.93 kB
build/assets/KaTeX_Size2-Regular-Dy4dx90m.woff2          5.21 kB
build/assets/KaTeX_Size1-Regular-mCD8mA8B.woff2          5.47 kB
build/assets/KaTeX_Size4-Regular-BF-4gkZK.woff           5.98 kB
build/assets/KaTeX_Size2-Regular-oD1tc_U0.woff           6.19 kB
build/assets/KaTeX_Size1-Regular-C195tn64.woff           6.50 kB
build/assets/KaTeX_Caligraphic-Regular-Di6jR-x-.woff2    6.91 kB
build/assets/KaTeX_Caligraphic-Bold-Dq_IR9rO.woff2       6.91 kB
build/assets/KaTeX_Size3-Regular-DgpXs0kz.ttf            7.59 kB
build/assets/KaTeX_Caligraphic-Regular-CTRA-rTL.woff     7.66 kB
build/assets/KaTeX_Caligraphic-Bold-BEiXGLvX.woff        7.72 kB
build/assets/KaTeX_Script-Regular-D3wIWfF6.woff2         9.64 kB
build/assets/KaTeX_SansSerif-Regular-DDBCnlJ7.woff2     10.34 kB
build/assets/KaTeX_Size4-Regular-DWFBv043.ttf           10.36 kB
build/assets/KaTeX_Script-Regular-D5yQViql.woff         10.59 kB
build/assets/KaTeX_Fraktur-Regular-CTYiF6lA.woff2       11.32 kB
build/assets/KaTeX_Fraktur-Bold-CL6g_b3V.woff2          11.35 kB
build/assets/KaTeX_Size2-Regular-B7gKUWhC.ttf           11.51 kB
build/assets/KaTeX_SansSerif-Italic-C3H0VqGB.woff2      12.03 kB
build/assets/KaTeX_SansSerif-Bold-D1sUS0GD.woff2        12.22 kB
build/assets/KaTeX_Size1-Regular-Dbsnue_I.ttf           12.23 kB
build/assets/KaTeX_SansSerif-Regular-CS6fqUqJ.woff      12.32 kB
build/assets/KaTeX_Caligraphic-Regular-wX97UBjC.ttf     12.34 kB
build/assets/KaTeX_Caligraphic-Bold-ATXxdsX0.ttf        12.37 kB
build/assets/KaTeX_Fraktur-Regular-Dxdc4cR9.woff        13.21 kB
build/assets/KaTeX_Fraktur-Bold-BsDP51OF.woff           13.30 kB
build/assets/KaTeX_Typewriter-Regular-CO6r4hn1.woff2    13.57 kB
build/assets/KaTeX_SansSerif-Italic-DN2j7dab.woff       14.11 kB
build/assets/KaTeX_SansSerif-Bold-DbIhKOiC.woff         14.41 kB
build/assets/KaTeX_Typewriter-Regular-C0xS9mPB.woff     16.03 kB
build/assets/KaTeX_Math-BoldItalic-CZnvNsCZ.woff2       16.40 kB
build/assets/KaTeX_Math-Italic-t53AETM-.woff2           16.44 kB
build/assets/KaTeX_Script-Regular-C5JkGWo-.ttf          16.65 kB
build/assets/KaTeX_Main-BoldItalic-DxDJ3AOS.woff2       16.78 kB
build/assets/KaTeX_Main-Italic-NWA7e6Wa.woff2           16.99 kB
build/assets/KaTeX_Math-BoldItalic-iY-2wyZ7.woff        18.67 kB
build/assets/KaTeX_Math-Italic-DA0__PXp.woff            18.75 kB
build/assets/KaTeX_Main-BoldItalic-SpSLRI95.woff        19.41 kB
build/assets/KaTeX_SansSerif-Regular-BNo7hRIc.ttf       19.44 kB
build/assets/KaTeX_Fraktur-Regular-CB_wures.ttf         19.57 kB
build/assets/KaTeX_Fraktur-Bold-BdnERNNW.ttf            19.58 kB
build/assets/KaTeX_Main-Italic-BMLOBm91.woff            19.68 kB
build/assets/KaTeX_SansSerif-Italic-YYjJ1zSn.ttf        22.36 kB
build/assets/KaTeX_SansSerif-Bold-CFMepnvq.ttf          24.50 kB
build/assets/KaTeX_Main-Bold-Cx986IdX.woff2             25.32 kB
build/assets/KaTeX_Main-Regular-B22Nviop.woff2          26.27 kB
build/assets/KaTeX_Typewriter-Regular-D3Ib7_Hf.ttf      27.56 kB
build/assets/KaTeX_AMS-Regular-BQhdFMY1.woff2           28.08 kB
build/assets/KaTeX_Main-Bold-Jm3AIy58.woff              29.91 kB
build/assets/KaTeX_Main-Regular-Dr94JaBh.woff           30.77 kB
build/assets/KaTeX_Math-BoldItalic-B3XSjfu4.ttf         31.20 kB
build/assets/KaTeX_Math-Italic-flOr_0UB.ttf             31.31 kB
build/assets/KaTeX_Main-BoldItalic-DzxPMmG6.ttf         32.97 kB
build/assets/KaTeX_AMS-Regular-DMm9YOAa.woff            33.52 kB
build/assets/KaTeX_Main-Italic-3WenGoN9.ttf             33.58 kB
build/assets/KaTeX_Main-Bold-waoOVXN0.ttf               51.34 kB
build/assets/KaTeX_Main-Regular-ypZvNtVU.ttf            53.58 kB
build/assets/KaTeX_AMS-Regular-DRggAlZN.ttf             63.63 kB
build/assets/index-C5IwxYP8.css                          1.23 kB │ gzip:   0.54 kB
build/assets/QuestionEditorPreview-DvXFAOB1.css         29.19 kB │ gzip:   8.03 kB
build/assets/Delete-pXd3Tufb.js                          0.18 kB │ gzip:   0.17 kB
build/assets/Edit-D4CEWxCZ.js                            0.23 kB │ gzip:   0.19 kB
build/assets/AdminModerationPage-DNXrSHDB.js             0.35 kB │ gzip:   0.30 kB
build/assets/dividerClasses-Bpme8Jv3.js                  0.79 kB │ gzip:   0.47 kB
build/assets/FormGroup-C9gMqqwO.js                       0.79 kB │ gzip:   0.47 kB
build/assets/SQ5_Ordering-Ca8oJX64.js                    1.25 kB │ gzip:   0.72 kB
build/assets/SQ3_TrueFalse-Ba-ubaXb.js                   1.34 kB │ gzip:   0.76 kB
build/assets/SQ1_SingleChoice-DgmIf3Lx.js                1.35 kB │ gzip:   0.77 kB
build/assets/SQ2_MultipleChoice-CdIxgu2C.js              1.43 kB │ gzip:   0.81 kB
build/assets/SQ4_Matching-Dup_JQFO.js                    1.72 kB │ gzip:   0.79 kB
build/assets/Checkbox-CpL9sFRZ.js                        2.94 kB │ gzip:   1.30 kB
build/assets/Divider-ZGMHbAeG.js                         3.74 kB │ gzip:   1.31 kB
build/assets/ProblemCard-CQYcKThP.js                     4.44 kB │ gzip:   2.03 kB
build/assets/Grid-BrKhAqxA.js                            4.82 kB │ gzip:   1.90 kB
build/assets/RadioGroup-DEfVVVT6.js                      4.89 kB │ gzip:   2.06 kB
build/assets/FormControlLabel-CbX986-F.js                4.90 kB │ gzip:   2.07 kB
build/assets/LoginRegisterPage-NYvmbrUt.js               6.17 kB │ gzip:   2.65 kB
build/assets/LinearProgress-BaN4sNI3.js                  6.37 kB │ gzip:   1.88 kB
build/assets/DialogTitle-AMX6Su9P.js                     6.98 kB │ gzip:   2.38 kB
build/assets/ExpandMore--dEDh4sr.js                      9.97 kB │ gzip:   3.32 kB
build/assets/HomePage-DN5t6fm8.js                       11.37 kB │ gzip:   4.34 kB
build/assets/MyPage-CrCqEOcR.js                         11.67 kB │ gzip:   3.96 kB
build/assets/MenuItem-BunCrMal.js                       13.33 kB │ gzip:   3.77 kB
build/assets/Autocomplete-CUyOR996.js                   23.35 kB │ gzip:   8.12 kB
build/assets/ProblemViewEditPage-RwDUJUMq.js            35.57 kB │ gzip:  11.01 kB
build/assets/ProblemCreatePage-CxNb-5N1.js              85.53 kB │ gzip:  25.34 kB
build/assets/ExamPage-Bk4mdw4G.js                      115.26 kB │ gzip:  32.54 kB
build/assets/QuestionEditorPreview-CE-vvIXx.js         278.57 kB │ gzip:  82.92 kB
build/assets/browser-sAp7u4kY.js                       280.90 kB │ gzip:  92.50 kB
build/assets/index-BxwEp90E.js                         671.81 kB │ gzip: 214.08 kB

(!) Some chunks are larger than 500 kB after minification. Consider:
- Using dynamic import() to code-split the application
- Use build.rollupOptions.output.manualChunks to improve chunking: https://rollupjs.org/configuration-options/#output-manualchunks
- Adjust chunk size limit for this warning via build.chunkSizeWarningLimit.
✓ built in 4m 26s
